<?xml version="1.0" encoding="UTF-8"?>
<!-- Generated by org.testng.reporters.JUnitReportReporter -->
<testsuite hostname="DESKTOP-6SF9HCC" failures="0" tests="1" name="com.script.test.TestLogin" time="0.011" errors="0" timestamp="26 Jul 2020 22:55:13 GMT" skipped="0">
  <testcase classname="com.script.test.TestLogin" name="login" time="0.011"/>
</testsuite> <!-- com.script.test.TestLogin -->
